-----------------------------------------------------------------------------------------------
Setup Details
-----------------------------------------------------------------------------------------------
Teamcenter Release		 - TC_11.2_Core
Teamcenter Build		 - 20130130
Teamcenter Server Host   - pnv6s371
Teamcenter RAC Host		 - PNI6W045-SQS
Tester Name				 - Administrator


-----------------------------------------------------------------------------------------------
Test Case Information
-----------------------------------------------------------------------------------------------
QART Root				 - TcCore
QART Release			 - TC_10.1_Core
QART Feature			 - REG - My Teamcenter
QART Category			 - CheckIN-OUT
QART Version			 - 0002
QART TestCase			 - Checkout_Disable_After_Checkout
Test Run Date			 - February/27/2015
Test Run Time			 - 5:56:31 PM


-----------------------------------------------------------------------------------------------
Test Script Logs
-----------------------------------------------------------------------------------------------


[5:56:32 PM]  -  QTP [Action1] - Start
-----------------------------------------------------------------------------------------------
[2/27/2015 5:57:17 PM] - ACTION - PASS | Successfully created Node - [000038/A;1-TopA] for user - [AutoTest4] under TestCase folder - [Home:AutomatedTests:Checkout_Disable_After_Ch_25545]  using SOA
[2/27/2015 5:57:18 PM] - ACTION - PASS | Successfully Created Node - [000039/A;1-Comp1] for user - [AutoTest4] under TestCase folder - [Home:AutomatedTests:Checkout_Disable_After_Ch_25545]  using SOA
[2/27/2015 5:58:44 PM] - ACTION - PASS | Successfully Logged into Teamcenter with user [AutoTest4:AutoTest4:Engineering:Designer::autotest4] 
[2/27/2015 5:59:02 PM] - ACTION - PASS | Successfully set [ MyTeamcenter ] Perspective
[2/27/2015 5:59:19 PM] - ACTION - PASS | Successfully Reset [ MyTeamcenter ] Perspective
[2/27/2015 5:59:26 PM] - ACTION - PASS | Successfully Expanded folder [Home:AutomatedTests]
[2/27/2015 5:59:32 PM] - ACTION - PASS | Successfully Expanded folder [Home:AutomatedTests:Checkout_Disable_After_Ch_25545]
[2/27/2015 5:59:40 PM] - ACTION - PASS | Sucessfully Sent Root Item [Home:AutomatedTests:Checkout_Disable_After_Ch_25545:000038-TopA] to PSE 
[2/27/2015 5:59:53 PM] - ACTION - PASS | Successfully Selected the Top BOM line - [000038/A;1-TopA (View)] in Structure Manager 
[2/27/2015 6:00:08 PM] - ACTION - PASS | Successfully Opened [ Summary ] tab 
[2/27/2015 6:00:12 PM] - ACTION - PASS | Successfully Performed [ Window:Show View:Properties ] Menu operation to open [Properties] panel 
[2/27/2015 6:00:18 PM] - ACTION - PASS | Successfully Performed [ File:Revise... ] Menu operation to Revise the Item 
[2/27/2015 6:00:57 PM] - ACTION - PASS | Successfully Revised the Item to [ 000038/B;1-TopA] 
[2/27/2015 6:01:01 PM] - VERIFY - PASS | VP1: Successfully Verified the BOM line is updated to - [000038/B;1-TopA (View)] in Structure Manager 
[2/27/2015 6:01:34 PM] - VERIFY - PASS | VP2.1:Successfully Verified Property [Revision] has value[B] from the Properties Panel 
[2/27/2015 6:01:35 PM] - VERIFY - PASS | VP2.2:Successfully Verified Property [Item Name] has value[TopA] from the Properties Panel 
[2/27/2015 6:01:35 PM] - VERIFY - PASS | VP2.3:Hence Verified Item Revision is updated to [ 000038/B;1-TopA (View) ] from the Properties Panel 
[2/27/2015 6:01:42 PM] - VERIFY - PASS | VP3:Successfully Verified Item Revision is updated to [ 000038/B;1-TopA ] from Summary tab 
[2/27/2015 6:01:47 PM] - VERIFY - PASS | VP4:Successfully Verified [Check-out and Edit] icon is enabled after revision 
-----------------------------------------------------------------------------------------------
[6:02:53 PM] - QTP [Action1] - End
-----------------------------------------------------------------------------------------------
[6:02:53 PM] - Final - Pass | Test Execution Result: PASS
-----------------------------------------------------------------------------------------------
